/*C6*/SET SCHEMA PUBLIC
DISCONNECT
/*C7*/SET SCHEMA PUBLIC
DISCONNECT
/*C8*/SET SCHEMA PUBLIC
DISCONNECT
/*C9*/SET SCHEMA PUBLIC
DISCONNECT
/*C10*/SET SCHEMA PUBLIC
DELETE FROM CLIENTES WHERE ID='156487994'
COMMIT
DISCONNECT
/*C11*/SET SCHEMA PUBLIC
DISCONNECT
/*C12*/SET SCHEMA PUBLIC
DISCONNECT
/*C9*/SET SCHEMA PUBLIC
DISCONNECT
/*C10*/SET SCHEMA PUBLIC
DISCONNECT
/*C11*/SET SCHEMA PUBLIC
DISCONNECT
/*C12*/SET SCHEMA PUBLIC
DISCONNECT
/*C13*/SET SCHEMA PUBLIC
DISCONNECT
/*C14*/SET SCHEMA PUBLIC
INSERT INTO CLIENTES VALUES('121564510','Pepe','Carre\u00f1o','florencia','312546789','pepcarre@gmail,com','Masculino')
COMMIT
DISCONNECT
/*C15*/SET SCHEMA PUBLIC
DISCONNECT
/*C16*/SET SCHEMA PUBLIC
DISCONNECT
/*C17*/SET SCHEMA PUBLIC
INSERT INTO CLIENTES VALUES('126456879','Laura','Fernandez','camilo torres','325489567','ctorres@gmail.com','Femenino')
COMMIT
DISCONNECT
/*C18*/SET SCHEMA PUBLIC
DISCONNECT
/*C19*/SET SCHEMA PUBLIC
DISCONNECT
/*C20*/SET SCHEMA PUBLIC
DELETE FROM CLIENTES WHERE ID='121564510'
COMMIT
DISCONNECT
/*C21*/SET SCHEMA PUBLIC
DISCONNECT
/*C22*/SET SCHEMA PUBLIC
DISCONNECT
/*C23*/SET SCHEMA PUBLIC
DELETE FROM CLIENTES WHERE ID='1061814768'
INSERT INTO CLIENTES VALUES('1061814768','Carlos','Galan Ruiz','Camilo Torres','321547942','camilo@gmail.com','Femenino')
COMMIT
DISCONNECT
/*C24*/SET SCHEMA PUBLIC
DISCONNECT
/*C25*/SET SCHEMA PUBLIC
DISCONNECT
/*C26*/SET SCHEMA PUBLIC
DELETE FROM CLIENTES WHERE ID='98393281'
INSERT INTO CLIENTES VALUES('98393281','Wilson Libardo','Pantoja Yepez','Santa Barbara','3148556447','wpantoja@gmail.com','Femenino')
COMMIT
DISCONNECT
/*C27*/SET SCHEMA PUBLIC
DISCONNECT
/*C28*/SET SCHEMA PUBLIC
DISCONNECT
/*C29*/SET SCHEMA PUBLIC
DISCONNECT
/*C30*/SET SCHEMA PUBLIC
DISCONNECT
/*C31*/SET SCHEMA PUBLIC
DELETE FROM CLIENTES WHERE ID='98393281'
INSERT INTO CLIENTES VALUES('98393281','Wilson Libardo','Pantoja Yepez','Santa Barbara','3148556447','wpantoja@gmail.com','Masculino')
COMMIT
DISCONNECT
/*C32*/SET SCHEMA PUBLIC
DISCONNECT
/*C33*/SET SCHEMA PUBLIC
DISCONNECT
/*C34*/SET SCHEMA PUBLIC
DELETE FROM CLIENTES WHERE ID='1061814768'
INSERT INTO CLIENTES VALUES('1061814768','Carlos','Galan Ruiz','Camilo Torres','321547942','camilo@gmail.com','Masculino')
COMMIT
DISCONNECT
/*C35*/SET SCHEMA PUBLIC
DISCONNECT
/*C19*/SET SCHEMA PUBLIC
DISCONNECT
